<?xml version="1.0" encoding="UTF-8"?>
<!-- Generated by org.testng.reporters.JUnitReportReporter -->
<testsuite skipped="0" hostname="DESKTOP-BGRS6LU" name="com.qa.amazon.tests.LoginTest" tests="2" failures="0" timestamp="28 Sep 2019 06:28:04 GMT" time="118.604" errors="0">
  <testcase name="loginTest" time="54.363" classname="com.qa.amazon.tests.LoginTest"/>
  <testcase name="loginTest" time="64.241" classname="com.qa.amazon.tests.LoginTest"/>
</testsuite> <!-- com.qa.amazon.tests.LoginTest -->
