<?xml version="1.0" encoding="UTF-8"?>
<!-- Generated by org.testng.reporters.JUnitReportReporter -->
<testsuite skipped="0" hostname="DESKTOP-BGRS6LU" name="com.qa.amazon.tests.LoginTest" tests="1" failures="0" timestamp="28 Sep 2019 07:55:05 GMT" time="52.860" errors="0">
  <testcase name="loginTest" time="52.860" classname="com.qa.amazon.tests.LoginTest"/>
</testsuite> <!-- com.qa.amazon.tests.LoginTest -->
