<?xml version="1.0" encoding="UTF-8"?>
<!-- Generated by org.testng.reporters.JUnitReportReporter -->
<testsuite skipped="0" hostname="DESKTOP-BGRS6LU" name="com.qa.amazon.tests.LoginTest" tests="1" failures="0" timestamp="27 Sep 2019 20:42:07 GMT" time="23.427" errors="0">
  <testcase name="loginTest" time="23.427" classname="com.qa.amazon.tests.LoginTest"/>
</testsuite> <!-- com.qa.amazon.tests.LoginTest -->
